
# create output folder for initial run
mkdir -p out_init

# create output folder for initial run
mkdir -p out_init

# create output folder for initial run
mkdir -p out_init

# create output folder for initial run
mkdir -p out_init

# create output folder for initial run

mkdir -p out_init
# create output folder for initial run
mkdir -p out_init

# create output folder for initial run
mkdir -p out_init
# start the initial run
../../build/partmc urban_plume_init.spec &> run_init.log

# create output folder for initial run
mkdir -p out_init

# create output folder for initial run
mkdir -p out_init

# create output folder for initial run
mkdir -p out_init

# create output folder for initial run
mkdir -p out_init

# create output folder for initial run
mkdir -p out_init

# create output folder for initial run
mkdir -p out_init

# create output folder for initial run
mkdir -p out_init

# create output folder for initial run
mkdir -p out_init

# create output folder for initial run
mkdir -p out_init
# start the initial run
../../build/partmc urban_plume_init.spec &> run_init.log
# start the initial run
../../build/partmc urban_plume_init.spec &> run_init.log

# create output folder for initial run
mkdir -p out_init

# create output folder for initial run
mkdir -p out_init
# start the initial run
../../build/partmc urban_plume_init.spec &> run_init.log

# create output folder for initial run
mkdir -p out_init
# start the initial run
../../build/partmc urban_plume_init.spec &> run_init.log
# start the initial run
../../build/partmc urban_plume_init.spec &> run_init.log
# start the initial run
../../build/partmc urban_plume_init.spec &> run_init.log
# start the initial run
../../build/partmc urban_plume_init.spec &> run_init.log
# start the initial run
../../build/partmc urban_plume_init.spec &> run_init.log
# start the initial run
../../build/partmc urban_plume_init.spec &> run_init.log

# create output folder for initial run
mkdir -p out_init
# start the initial run
../../build/partmc urban_plume_init.spec &> run_init.log
# start the initial run
../../build/partmc urban_plume_init.spec &> run_init.log
# start the initial run
../../build/partmc urban_plume_init.spec &> run_init.log
# start the initial run
../../build/partmc urban_plume_init.spec &> run_init.log
# start the initial run
../../build/partmc urban_plume_init.spec &> run_init.log
# start the initial run
../../build/partmc urban_plume_init.spec &> run_init.log
# start the initial run
../../build/partmc urban_plume_init.spec &> run_init.log
# start the initial run
../../build/partmc urban_plume_init.spec &> run_init.log
# start the initial run
../../build/partmc urban_plume_init.spec &> run_init.log
# start the initial run
../../build/partmc urban_plume_init.spec &> run_init.log

# create output folder for initial run
mkdir -p out_init
# start the initial run
../../build/partmc urban_plume_init.spec &> run_init.log

# create output folder for initial run
mkdir -p out_init
# start the initial run
../../build/partmc urban_plume_init.spec &> run_init.log

# create output folder for initial run
mkdir -p out_init
# start the initial run
../../build/partmc urban_plume_init.spec &> run_init.log

# create output folder for initial run
mkdir -p out_init
# start the initial run
../../build/partmc urban_plume_init.spec &> run_init.log

# create output folder for initial run
mkdir -p out_init
# start the initial run
../../build/partmc urban_plume_init.spec &> run_init.log
slurmstepd: error: *** JOB 776695 ON keeling-c09 CANCELLED AT 2022-04-18T12:16:59 ***
