
# create output folder for initial run
mkdir -p out_init

# create output folder for initial run
mkdir -p out_init

# create output folder for initial run
mkdir -p out_init

# create output folder for initial run
mkdir -p out_init
# start the initial run
../../build/partmc urban_plume_init.spec &> run_init.log
# start the initial run
../../build/partmc urban_plume_init.spec &> run_init.log
# start the initial run
../../build/partmc urban_plume_init.spec &> run_init.log
# start the initial run
../../build/partmc urban_plume_init.spec &> run_init.log

# create output folder for initial run
mkdir -p out_init

# create output folder for initial run
mkdir -p out_init

# create output folder for initial run
mkdir -p out_init

# create output folder for initial run
mkdir -p out_init

# create output folder for initial run
mkdir -p out_init

# create output folder for initial run
mkdir -p out_init

# create output folder for initial run
mkdir -p out_init

# create output folder for initial run
mkdir -p out_init

# create output folder for initial run

# create output folder for initial run
mkdir -p out_init
mkdir -p out_init

# create output folder for initial run
mkdir -p out_init

# create output folder for initial run
mkdir -p out_init

# create output folder for initial run
mkdir -p out_init

# create output folder for initial run
mkdir -p out_init

# create output folder for initial run
mkdir -p out_init

# create output folder for initial run
mkdir -p out_init
# start the initial run
../../build/partmc urban_plume_init.spec &> run_init.log
# start the initial run
../../build/partmc urban_plume_init.spec &> run_init.log
# start the initial run
../../build/partmc urban_plume_init.spec &> run_init.log
# start the initial run
../../build/partmc urban_plume_init.spec &> run_init.log
# start the initial run
../../build/partmc urban_plume_init.spec &> run_init.log
# start the initial run
../../build/partmc urban_plume_init.spec &> run_init.log
# start the initial run
../../build/partmc urban_plume_init.spec &> run_init.log
# start the initial run
../../build/partmc urban_plume_init.spec &> run_init.log
# start the initial run
../../build/partmc urban_plume_init.spec &> run_init.log
# start the initial run
../../build/partmc urban_plume_init.spec &> run_init.log
# start the initial run
../../build/partmc urban_plume_init.spec &> run_init.log
# start the initial run
../../build/partmc urban_plume_init.spec &> run_init.log
# start the initial run
../../build/partmc urban_plume_init.spec &> run_init.log
# start the initial run
../../build/partmc urban_plume_init.spec &> run_init.log
# start the initial run
../../build/partmc urban_plume_init.spec &> run_init.log
# start the initial run
../../build/partmc urban_plume_init.spec &> run_init.log
slurmstepd: error: *** JOB 776696 ON keeling-c16 CANCELLED AT 2022-04-18T12:16:55 ***
